2018-08-28 09:40:07,227 [Worker-22] INFO  o.e.m.c.i.l.LifecycleMappingFactory - Using org.maven.ide.eclipse.wtp.WarLifecycleMapping lifecycle mapping for MavenProject: com.csc:xiezi44:0.0.1-SNAPSHOT @ F:\文件接收柜\xiezi44\pom.xml.
2018-08-28 09:40:11,261 [Worker-22] INFO  o.e.m.c.i.embedder.EclipseLogger - Using 'UTF-8' encoding to copy filtered resources.
2018-08-28 09:40:11,269 [Worker-22] INFO  o.e.m.c.i.embedder.EclipseLogger - Copying 2 resources
2018-08-28 09:40:11,393 [Worker-22] INFO  o.e.m.c.i.embedder.EclipseLogger - Using 'UTF-8' encoding to copy filtered resources.
2018-08-28 09:40:11,393 [Worker-22] INFO  o.e.m.c.i.embedder.EclipseLogger - skip non existing resourceDirectory F:\文件接收柜\xiezi44\src\test\resources
2018-08-28 09:42:19,759 [Worker-29] INFO  o.e.m.c.i.embedder.EclipseLogger - Using 'UTF-8' encoding to copy filtered resources.
2018-08-28 09:42:19,815 [Worker-29] INFO  o.e.m.c.i.embedder.EclipseLogger - Copying 2 resources
2018-08-28 09:42:20,002 [Worker-29] INFO  o.e.m.c.i.embedder.EclipseLogger - Using 'UTF-8' encoding to copy filtered resources.
2018-08-28 09:42:20,002 [Worker-29] INFO  o.e.m.c.i.embedder.EclipseLogger - skip non existing resourceDirectory F:\文件接收柜\xiezi44\src\test\resources
2018-08-28 09:45:31,252 [Worker-33] INFO  o.e.m.c.i.embedder.EclipseLogger - Using 'UTF-8' encoding to copy filtered resources.
2018-08-28 09:45:31,260 [Worker-33] INFO  o.e.m.c.i.embedder.EclipseLogger - Copying 2 resources
2018-08-28 09:45:31,269 [Worker-33] INFO  o.e.m.c.i.embedder.EclipseLogger - Using 'UTF-8' encoding to copy filtered resources.
2018-08-28 09:45:31,269 [Worker-33] INFO  o.e.m.c.i.embedder.EclipseLogger - skip non existing resourceDirectory F:\文件接收柜\xiezi44\src\test\resources
2018-08-28 10:06:02,956 [Worker-49] INFO  o.e.m.c.i.l.LifecycleMappingFactory - Using org.maven.ide.eclipse.wtp.WarLifecycleMapping lifecycle mapping for MavenProject: com.csc:xiezi44:0.0.1-SNAPSHOT @ F:\文件接收柜\xiezi44\pom.xml.
2018-08-28 10:06:05,675 [Worker-44] INFO  o.e.m.c.i.embedder.EclipseLogger - Using 'UTF-8' encoding to copy filtered resources.
2018-08-28 10:06:05,676 [Worker-44] INFO  o.e.m.c.i.embedder.EclipseLogger - Copying 2 resources
2018-08-28 10:06:05,685 [Worker-44] INFO  o.e.m.c.i.embedder.EclipseLogger - Using 'UTF-8' encoding to copy filtered resources.
2018-08-28 10:06:05,685 [Worker-44] INFO  o.e.m.c.i.embedder.EclipseLogger - skip non existing resourceDirectory F:\文件接收柜\xiezi44\src\test\resources
2018-08-28 10:11:17,820 [Worker-50] INFO  o.e.m.c.i.p.ProjectConfigurationManager - Collecting project info '/pom.xml' E:\repo\d\pom.xml
2018-08-28 10:11:18,065 [Worker-50] INFO  o.e.m.c.i.l.LifecycleMappingFactory - Using org.eclipse.m2e.jdt.JarLifecycleMapping lifecycle mapping for MavenProject: d:d:0.0.1-SNAPSHOT @ E:\repo\d\pom.xml.
2018-08-28 10:11:18,870 [Worker-50] INFO  o.e.m.j.i.AbstractJavaProjectConfigurator - Adding source folder /d/src/main/java
2018-08-28 10:11:18,877 [Worker-50] INFO  o.e.m.j.i.AbstractJavaProjectConfigurator - Adding source folder /d/src/test/java
2018-08-28 10:11:19,239 [Worker-50] INFO  o.e.m.c.i.p.ProjectConfigurationManager - Imported and configured 1 project(s) in 1 sec
2018-08-28 10:11:19,972 [Worker-46] INFO  o.e.m.c.i.embedder.EclipseLogger - Using 'UTF-8' encoding to copy filtered resources.
2018-08-28 10:11:19,972 [Worker-46] INFO  o.e.m.c.i.embedder.EclipseLogger - skip non existing resourceDirectory E:\repo\d\src\main\resources
2018-08-28 10:11:19,975 [Worker-46] INFO  o.e.m.c.i.embedder.EclipseLogger - Using 'UTF-8' encoding to copy filtered resources.
2018-08-28 10:11:19,977 [Worker-46] INFO  o.e.m.c.i.embedder.EclipseLogger - skip non existing resourceDirectory E:\repo\d\src\test\resources
2018-08-28 10:22:17,028 [Worker-52] INFO  o.e.m.c.i.p.ProjectConfigurationManager - Collecting project info '/pom.xml' E:\repo\xiezi\pom.xml
2018-08-28 10:22:17,208 [Worker-52] INFO  o.e.m.c.i.l.LifecycleMappingFactory - Using org.eclipse.m2e.jdt.JarLifecycleMapping lifecycle mapping for MavenProject: xiezi44:xiezi:0.0.1-SNAPSHOT @ E:\repo\xiezi\pom.xml.
2018-08-28 10:22:17,519 [Worker-52] INFO  o.e.m.j.i.AbstractJavaProjectConfigurator - Adding source folder /xiezi/src/main/java
2018-08-28 10:22:17,526 [Worker-52] INFO  o.e.m.j.i.AbstractJavaProjectConfigurator - Adding source folder /xiezi/src/test/java
2018-08-28 10:22:17,681 [Worker-52] INFO  o.e.m.c.i.p.ProjectConfigurationManager - Imported and configured 1 project(s) in 0 sec
2018-08-28 10:22:18,166 [Worker-44] INFO  o.e.m.c.i.embedder.EclipseLogger - Using 'UTF-8' encoding to copy filtered resources.
2018-08-28 10:22:18,171 [Worker-44] INFO  o.e.m.c.i.embedder.EclipseLogger - skip non existing resourceDirectory E:\repo\xiezi\src\main\resources
2018-08-28 10:22:18,182 [Worker-44] INFO  o.e.m.c.i.embedder.EclipseLogger - Using 'UTF-8' encoding to copy filtered resources.
2018-08-28 10:22:18,182 [Worker-44] INFO  o.e.m.c.i.embedder.EclipseLogger - skip non existing resourceDirectory E:\repo\xiezi\src\test\resources
2018-08-28 10:31:26,933 [Worker-49] INFO  o.e.m.c.i.p.ProjectConfigurationManager - Collecting project info '/pom.xml' E:\repo\s\pom.xml
2018-08-28 10:31:27,091 [Worker-49] INFO  o.e.m.c.i.l.LifecycleMappingFactory - Using org.eclipse.m2e.jdt.JarLifecycleMapping lifecycle mapping for MavenProject: xiezi4:s:0.0.1-SNAPSHOT @ E:\repo\s\pom.xml.
2018-08-28 10:31:27,423 [Worker-49] INFO  o.e.m.j.i.AbstractJavaProjectConfigurator - Adding source folder /s/src/main/java
2018-08-28 10:31:27,430 [Worker-49] INFO  o.e.m.j.i.AbstractJavaProjectConfigurator - Adding source folder /s/src/test/java
2018-08-28 10:31:27,609 [Worker-49] INFO  o.e.m.c.i.p.ProjectConfigurationManager - Imported and configured 1 project(s) in 0 sec
2018-08-28 10:31:28,181 [Worker-49] INFO  o.e.m.c.i.embedder.EclipseLogger - Using 'UTF-8' encoding to copy filtered resources.
2018-08-28 10:31:28,181 [Worker-49] INFO  o.e.m.c.i.embedder.EclipseLogger - skip non existing resourceDirectory E:\repo\s\src\main\resources
2018-08-28 10:31:28,183 [Worker-49] INFO  o.e.m.c.i.embedder.EclipseLogger - Using 'UTF-8' encoding to copy filtered resources.
2018-08-28 10:31:28,183 [Worker-49] INFO  o.e.m.c.i.embedder.EclipseLogger - skip non existing resourceDirectory E:\repo\s\src\test\resources
